<?xml version="1.0" encoding="UTF-8"?>
<testng-results skipped="0" failed="0" total="0" passed="0">
  <reporter-output>
  </reporter-output>
  <suite name="joomla.testcase.TestHelper" duration-ms="1" started-at="2019-12-19T07:06:25Z" finished-at="2019-12-19T07:06:25Z">
    <groups>
    </groups>
    <test name="Command line test" duration-ms="1" started-at="2019-12-19T07:06:25Z" finished-at="2019-12-19T07:06:25Z">
    </test> <!-- Command line test -->
  </suite> <!-- joomla.testcase.TestHelper -->
</testng-results>
